<?xml version="1.0" encoding="UTF-8"?>
<testng-results ignored="0" total="1" passed="1" failed="0" skipped="0">
  <reporter-output>
  </reporter-output>
  <suite started-at="2024-06-29T20:50:09 UTC" name="Java Selenium Tests" finished-at="2024-06-29T20:50:18 UTC" duration-ms="8673">
    <groups>
    </groups>
    <test started-at="2024-06-29T20:50:09 UTC" name="Login Tests" finished-at="2024-06-29T20:50:18 UTC" duration-ms="8673">
      <class name="com.saucedemo.tests.LoginPageTest">
        <test-method is-config="true" signature="setup()[pri:0, instance:com.saucedemo.tests.LoginPageTest@3c87521]" started-at="2024-06-29T20:50:09 UTC" name="setup" finished-at="2024-06-29T20:50:15 UTC" duration-ms="6133" status="PASS">
          <reporter-output>
          </reporter-output>
        </test-method> <!-- setup -->
        <test-method signature="loginTest()[pri:0, instance:com.saucedemo.tests.LoginPageTest@3c87521]" started-at="2024-06-29T20:50:15 UTC" name="loginTest" finished-at="2024-06-29T20:50:17 UTC" duration-ms="2198" status="PASS">
          <reporter-output>
          </reporter-output>
        </test-method> <!-- loginTest -->
        <test-method is-config="true" signature="teardown()[pri:0, instance:com.saucedemo.tests.LoginPageTest@3c87521]" started-at="2024-06-29T20:50:17 UTC" name="teardown" finished-at="2024-06-29T20:50:18 UTC" duration-ms="142" status="PASS">
          <reporter-output>
          </reporter-output>
        </test-method> <!-- teardown -->
      </class> <!-- com.saucedemo.tests.LoginPageTest -->
    </test> <!-- Login Tests -->
  </suite> <!-- Java Selenium Tests -->
</testng-results>
